[INFO] [2024-10-30 17:07:14: 859]: 打开浏览器 confteat.py -> app line:11
[INFO] [2024-10-30 17:07:15: 840]: 最大化窗口 confteat.py -> app line:14
[INFO] [2024-10-30 17:07:16: 059]: 数据库成功还原 sql.py -> execute line:21
[INFO] [2024-10-30 17:07:16: 084]: 测试数据:python testsearch.py -> test_search_001 line:14
[INFO] [2024-10-30 17:07:18: 543]: 测试数据:javascript testsearch.py -> test_search_001 line:14
[INFO] [2024-10-30 17:08:59: 253]: 打开浏览器 confteat.py -> app line:11
[INFO] [2024-10-30 17:08:59: 888]: 最大化窗口 confteat.py -> app line:14
[INFO] [2024-10-30 17:08:59: 979]: 数据库成功还原 sql.py -> execute line:21
[INFO] [2024-10-30 17:09:00: 131]: 测试数据:python testsearch.py -> test_search_001 line:14
[INFO] [2024-10-30 17:09:02: 590]: 测试数据:javascript testsearch.py -> test_search_001 line:14
[INFO] [2024-10-30 17:11:29: 765]: 打开浏览器 confteat.py -> app line:11
[INFO] [2024-10-30 17:11:30: 460]: 最大化窗口 confteat.py -> app line:14
[INFO] [2024-10-30 17:11:30: 523]: 数据库成功还原 sql.py -> execute line:21
[INFO] [2024-10-30 17:11:30: 693]: 测试数据:python testsearch.py -> test_search_001 line:14
[INFO] [2024-10-30 17:11:33: 351]: 测试数据:javascript testsearch.py -> test_search_001 line:14
[INFO] [2024-10-30 18:56:16: 176]: 打开浏览器 confteat.py -> app line:11
[INFO] [2024-10-30 18:56:17: 078]: 最大化窗口 confteat.py -> app line:14
[INFO] [2024-10-30 18:56:17: 164]: 数据库成功还原 sql.py -> execute line:21
[ERROR] [2024-10-30 18:56:17: 559]: 无法定位到元素,('xpath', '//*[@id="kw"]'),异常为expected string or bytes-like object, got 'tuple' sel.py -> sel_click line:20
[ERROR] [2024-10-30 18:56:17: 881]: 无法定位到元素,('xpath', '//*[@id="kw"]'),异常为expected string or bytes-like object, got 'tuple' sel.py -> sel_click line:20
[INFO] [2024-10-30 18:57:39: 489]: 打开浏览器 confteat.py -> app line:11
[INFO] [2024-10-30 18:57:39: 541]: 打开浏览器 confteat.py -> app line:11
[INFO] [2024-10-30 18:57:40: 422]: 最大化窗口 confteat.py -> app line:14
[INFO] [2024-10-30 18:57:40: 475]: 最大化窗口 confteat.py -> app line:14
[INFO] [2024-10-30 18:57:40: 569]: 数据库成功还原 sql.py -> execute line:21
[ERROR] [2024-10-30 18:57:40: 569]: 执行sql错误，错误为1062 (23000): Duplicate entry '1' for key 'search.PRIMARY' sql.py -> execute line:24
[ERROR] [2024-10-30 18:57:40: 868]: 无法定位到元素,('xpath', '//*[@id="kw"]'),异常为expected string or bytes-like object, got 'tuple' sel.py -> sel_click line:20
[ERROR] [2024-10-30 18:57:41: 215]: 无法定位到元素,('xpath', '//*[@id="kw"]'),异常为expected string or bytes-like object, got 'tuple' sel.py -> sel_click line:20
[INFO] [2024-10-30 18:58:30: 061]: 打开浏览器 confteat.py -> app line:11
[INFO] [2024-10-30 18:58:30: 998]: 最大化窗口 confteat.py -> app line:14
[INFO] [2024-10-30 18:58:31: 146]: 数据库成功还原 sql.py -> execute line:21
[INFO] [2024-10-30 18:59:38: 150]: 打开浏览器 confteat.py -> app line:11
[INFO] [2024-10-30 18:59:38: 964]: 最大化窗口 confteat.py -> app line:14
[INFO] [2024-10-30 18:59:39: 029]: 数据库成功还原 sql.py -> execute line:21
[ERROR] [2024-10-30 18:59:39: 340]: 无法定位到元素,('xpath', '//*[@id="kw"]'),异常为expected string or bytes-like object, got 'tuple' sel.py -> sel_click line:20
[ERROR] [2024-10-30 18:59:39: 680]: 无法定位到元素,('xpath', '//*[@id="kw"]'),异常为expected string or bytes-like object, got 'tuple' sel.py -> sel_click line:20
[INFO] [2024-10-30 19:09:02: 200]: 打开浏览器 confteat.py -> app line:11
[INFO] [2024-10-30 19:09:02: 897]: 最大化窗口 confteat.py -> app line:14
[INFO] [2024-10-30 19:09:02: 972]: 数据库成功还原 sql.py -> execute line:21
[ERROR] [2024-10-30 19:09:03: 404]: 无法定位到元素,('xpath', '//*[@id="kw"]'),异常为expected string or bytes-like object, got 'tuple' sel.py -> sel_click line:20
[ERROR] [2024-10-30 19:09:03: 714]: 无法定位到元素,('xpath', '//*[@id="kw"]'),异常为expected string or bytes-like object, got 'tuple' sel.py -> sel_click line:20
[INFO] [2024-10-30 19:10:09: 112]: 打开浏览器 confteat.py -> app line:11
[INFO] [2024-10-30 19:10:10: 017]: 最大化窗口 confteat.py -> app line:14
[INFO] [2024-10-30 19:10:10: 085]: 数据库成功还原 sql.py -> execute line:21
[ERROR] [2024-10-30 19:10:10: 407]: 无法定位到元素,('xpath', '//*[@id="kw"]'),异常为expected string or bytes-like object, got 'tuple' sel.py -> sel_click line:20
[ERROR] [2024-10-30 19:10:10: 900]: 无法定位到元素,('xpath', '//*[@id="kw"]'),异常为expected string or bytes-like object, got 'tuple' sel.py -> sel_click line:20
[INFO] [2024-10-30 19:10:45: 216]: 打开浏览器 confteat.py -> app line:11
[INFO] [2024-10-30 19:10:45: 880]: 最大化窗口 confteat.py -> app line:14
[INFO] [2024-10-30 19:10:45: 955]: 数据库成功还原 sql.py -> execute line:21
[INFO] [2024-10-30 19:12:53: 729]: 打开浏览器 confteat.py -> app line:11
[INFO] [2024-10-30 19:12:54: 344]: 最大化窗口 confteat.py -> app line:14
[INFO] [2024-10-30 19:12:54: 433]: 数据库成功还原 sql.py -> execute line:21
[INFO] [2024-10-30 19:16:41: 535]: 打开浏览器 confteat.py -> app line:11
[INFO] [2024-10-30 19:16:42: 232]: 最大化窗口 confteat.py -> app line:14
[INFO] [2024-10-30 19:16:42: 312]: 数据库成功还原 sql.py -> execute line:21
[INFO] [2024-10-30 19:20:40: 982]: 打开浏览器 confteat.py -> app line:11
[INFO] [2024-10-30 19:20:41: 980]: 最大化窗口 confteat.py -> app line:14
[INFO] [2024-10-30 19:20:42: 045]: 数据库成功还原 sql.py -> execute line:21
[ERROR] [2024-10-30 19:20:42: 345]: 无法定位到元素,('xpath', '//*[@id="kw"]'),异常为expected string or bytes-like object, got 'tuple' sel.py -> sel_click line:20
[ERROR] [2024-10-30 19:20:42: 673]: 无法定位到元素,('xpath', '//*[@id="kw"]'),异常为expected string or bytes-like object, got 'tuple' sel.py -> sel_click line:20
[INFO] [2024-10-30 19:22:28: 308]: 打开浏览器 confteat.py -> app line:11
[INFO] [2024-10-30 19:22:29: 162]: 最大化窗口 confteat.py -> app line:14
[INFO] [2024-10-30 19:22:29: 244]: 数据库成功还原 sql.py -> execute line:21
[INFO] [2024-10-30 19:23:59: 942]: 打开浏览器 confteat.py -> app line:11
[INFO] [2024-10-30 19:24:00: 799]: 最大化窗口 confteat.py -> app line:14
[INFO] [2024-10-30 19:24:00: 861]: 数据库成功还原 sql.py -> execute line:21
[ERROR] [2024-10-30 19:24:01: 168]: 无法定位到元素,('xpath', '//*[@id="kw"]'),异常为expected string or bytes-like object, got 'tuple' sel.py -> sel_click line:21
[ERROR] [2024-10-30 19:24:01: 494]: 无法定位到元素,('xpath', '//*[@id="kw"]'),异常为expected string or bytes-like object, got 'tuple' sel.py -> sel_click line:21
[INFO] [2024-10-30 19:26:14: 228]: 打开浏览器 confteat.py -> app line:11
[INFO] [2024-10-30 19:26:15: 017]: 最大化窗口 confteat.py -> app line:14
[INFO] [2024-10-30 19:26:15: 078]: 数据库成功还原 sql.py -> execute line:21
[ERROR] [2024-10-30 19:26:15: 392]: 无法定位到元素,('xpath', '//*[@id="kw"]'),异常为expected string or bytes-like object, got 'tuple' sel.py -> sel_click line:24
[ERROR] [2024-10-30 19:26:15: 716]: 无法定位到元素,('xpath', '//*[@id="kw"]'),异常为expected string or bytes-like object, got 'tuple' sel.py -> sel_click line:24
[INFO] [2024-10-30 19:27:11: 681]: 打开浏览器 confteat.py -> app line:11
[INFO] [2024-10-30 19:27:12: 454]: 最大化窗口 confteat.py -> app line:14
[INFO] [2024-10-30 19:27:12: 524]: 数据库成功还原 sql.py -> execute line:21
[ERROR] [2024-10-30 19:27:43: 989]: 无法定位到元素,('xpath', '//*[@id="kw"]'),异常为expected string or bytes-like object, got 'tuple' sel.py -> sel_click line:24
[ERROR] [2024-10-30 19:28:20: 440]: 无法定位到元素,('xpath', '//*[@id="kw"]'),异常为expected string or bytes-like object, got 'tuple' sel.py -> sel_click line:24
[INFO] [2024-10-30 19:28:43: 083]: 打开浏览器 confteat.py -> app line:11
[INFO] [2024-10-30 19:28:44: 060]: 最大化窗口 confteat.py -> app line:14
[INFO] [2024-10-30 19:28:44: 130]: 数据库成功还原 sql.py -> execute line:21
[INFO] [2024-10-30 19:30:08: 143]: 打开浏览器 confteat.py -> app line:11
[INFO] [2024-10-30 19:30:08: 932]: 最大化窗口 confteat.py -> app line:14
[INFO] [2024-10-30 19:30:09: 004]: 数据库成功还原 sql.py -> execute line:21
[INFO] [2024-10-30 19:30:54: 594]: 打开浏览器 confteat.py -> app line:11
[INFO] [2024-10-30 19:30:55: 465]: 最大化窗口 confteat.py -> app line:14
[INFO] [2024-10-30 19:30:55: 552]: 数据库成功还原 sql.py -> execute line:21
[ERROR] [2024-10-30 19:30:56: 129]: 无法定位到元素,('xpath', '//*[@id="kw"]'),异常为expected string or bytes-like object, got 'tuple' sel.py -> sel_send_keys line:37
[ERROR] [2024-10-30 19:30:56: 703]: 无法定位到元素,('xpath', '//*[@id="kw"]'),异常为expected string or bytes-like object, got 'tuple' sel.py -> sel_send_keys line:37
[INFO] [2024-10-30 19:31:02: 737]: 打开浏览器 confteat.py -> app line:11
[INFO] [2024-10-30 19:31:03: 655]: 最大化窗口 confteat.py -> app line:14
[INFO] [2024-10-30 19:31:03: 717]: 数据库成功还原 sql.py -> execute line:21
[ERROR] [2024-10-30 19:31:04: 288]: 无法定位到元素,('xpath', '//*[@id="kw"]'),异常为expected string or bytes-like object, got 'tuple' sel.py -> sel_send_keys line:37
[ERROR] [2024-10-30 19:31:04: 857]: 无法定位到元素,('xpath', '//*[@id="kw"]'),异常为expected string or bytes-like object, got 'tuple' sel.py -> sel_send_keys line:37
[INFO] [2024-10-30 19:31:42: 842]: 打开浏览器 confteat.py -> app line:11
[INFO] [2024-10-30 19:31:42: 964]: 打开浏览器 confteat.py -> app line:11
[INFO] [2024-10-30 19:31:43: 572]: 最大化窗口 confteat.py -> app line:14
[INFO] [2024-10-30 19:31:43: 642]: 数据库成功还原 sql.py -> execute line:21
[INFO] [2024-10-30 19:31:43: 823]: 最大化窗口 confteat.py -> app line:14
[INFO] [2024-10-30 19:31:43: 886]: 数据库成功还原 sql.py -> execute line:21
[ERROR] [2024-10-30 19:31:44: 356]: 无法定位到元素,('xpath', '//*[@id="kw"]'),异常为expected string or bytes-like object, got 'tuple' sel.py -> sel_send_keys line:37
[ERROR] [2024-10-30 19:31:44: 476]: 无法定位到元素,('xpath', '//*[@id="kw"]'),异常为expected string or bytes-like object, got 'tuple' sel.py -> sel_send_keys line:37
[ERROR] [2024-10-30 19:31:44: 919]: 无法定位到元素,('xpath', '//*[@id="kw"]'),异常为expected string or bytes-like object, got 'tuple' sel.py -> sel_send_keys line:37
[ERROR] [2024-10-30 19:31:45: 033]: 无法定位到元素,('xpath', '//*[@id="kw"]'),异常为expected string or bytes-like object, got 'tuple' sel.py -> sel_send_keys line:37
[INFO] [2024-10-30 19:31:52: 050]: 打开浏览器 confteat.py -> app line:11
[INFO] [2024-10-30 19:31:53: 352]: 最大化窗口 confteat.py -> app line:14
[INFO] [2024-10-30 19:31:53: 427]: 数据库成功还原 sql.py -> execute line:21
[ERROR] [2024-10-30 19:31:54: 092]: 无法定位到元素,('xpath', '//*[@id="kw"]'),异常为expected string or bytes-like object, got 'tuple' sel.py -> sel_send_keys line:37
[ERROR] [2024-10-30 19:31:54: 659]: 无法定位到元素,('xpath', '//*[@id="kw"]'),异常为expected string or bytes-like object, got 'tuple' sel.py -> sel_send_keys line:37
[INFO] [2024-10-30 19:32:17: 927]: 打开浏览器 confteat.py -> app line:11
[INFO] [2024-10-30 19:32:18: 786]: 最大化窗口 confteat.py -> app line:14
[INFO] [2024-10-30 19:32:18: 844]: 数据库成功还原 sql.py -> execute line:21
[ERROR] [2024-10-30 19:32:19: 423]: 无法定位到元素,('xpath', '//*[@id="kw"]'),异常为expected string or bytes-like object, got 'tuple' sel.py -> sel_send_keys line:37
[ERROR] [2024-10-30 19:32:19: 977]: 无法定位到元素,('xpath', '//*[@id="kw"]'),异常为expected string or bytes-like object, got 'tuple' sel.py -> sel_send_keys line:37
[INFO] [2024-10-30 19:32:39: 820]: 打开浏览器 confteat.py -> app line:11
[INFO] [2024-10-30 19:32:40: 570]: 最大化窗口 confteat.py -> app line:14
[INFO] [2024-10-30 19:32:40: 631]: 数据库成功还原 sql.py -> execute line:21
[ERROR] [2024-10-30 19:32:41: 200]: 无法定位到元素,('xpath', '//*[@id="kw"]'),异常为expected string or bytes-like object, got 'tuple' sel.py -> sel_send_keys line:37
[ERROR] [2024-10-30 19:32:41: 773]: 无法定位到元素,('xpath', '//*[@id="kw"]'),异常为expected string or bytes-like object, got 'tuple' sel.py -> sel_send_keys line:37
[INFO] [2024-10-30 19:32:56: 575]: 打开浏览器 confteat.py -> app line:11
[INFO] [2024-10-30 19:32:57: 469]: 最大化窗口 confteat.py -> app line:14
[INFO] [2024-10-30 19:32:57: 528]: 数据库成功还原 sql.py -> execute line:21
[ERROR] [2024-10-30 19:33:01: 745]: 无法定位到元素,('xpath', '//*[@id="kw"]'),异常为expected string or bytes-like object, got 'tuple' sel.py -> sel_send_keys line:37
[ERROR] [2024-10-30 19:33:05: 923]: 无法定位到元素,('xpath', '//*[@id="kw"]'),异常为expected string or bytes-like object, got 'tuple' sel.py -> sel_send_keys line:37
[INFO] [2024-10-30 19:33:57: 964]: 打开浏览器 confteat.py -> app line:11
[INFO] [2024-10-30 19:33:58: 830]: 最大化窗口 confteat.py -> app line:14
[INFO] [2024-10-30 19:33:58: 911]: 数据库成功还原 sql.py -> execute line:21
[INFO] [2024-10-30 19:34:13: 598]: 打开浏览器 confteat.py -> app line:11
[INFO] [2024-10-30 19:34:14: 588]: 最大化窗口 confteat.py -> app line:14
[INFO] [2024-10-30 19:34:14: 665]: 数据库成功还原 sql.py -> execute line:21
[ERROR] [2024-10-30 19:34:19: 622]: 无法定位到元素,('xpath', '//*[@id="kw"]'),异常为expected string or bytes-like object, got 'tuple' sel.py -> sel_click line:21
[ERROR] [2024-10-30 19:34:22: 111]: 无法定位到元素,('xpath', '//*[@id="kw"]'),异常为expected string or bytes-like object, got 'tuple' sel.py -> sel_click line:21
[INFO] [2024-10-30 19:34:39: 729]: 打开浏览器 confteat.py -> app line:11
[INFO] [2024-10-30 19:34:40: 697]: 最大化窗口 confteat.py -> app line:14
[INFO] [2024-10-30 19:34:40: 776]: 数据库成功还原 sql.py -> execute line:21
[ERROR] [2024-10-30 19:34:47: 729]: 无法定位到元素,('xpath', '//*[@id="kw"]'),异常为expected string or bytes-like object, got 'tuple' sel.py -> sel_send_keys line:37
[ERROR] [2024-10-30 19:35:05: 341]: 无法定位到元素,('xpath', '//*[@id="kw"]'),异常为expected string or bytes-like object, got 'tuple' sel.py -> sel_send_keys line:37
[INFO] [2024-10-30 19:35:17: 235]: 打开浏览器 confteat.py -> app line:11
[INFO] [2024-10-30 19:35:18: 407]: 最大化窗口 confteat.py -> app line:14
[INFO] [2024-10-30 19:35:18: 483]: 数据库成功还原 sql.py -> execute line:21
[INFO] [2024-10-30 19:37:42: 949]: 打开浏览器 confteat.py -> app line:11
[INFO] [2024-10-30 19:38:04: 806]: 打开浏览器 confteat.py -> app line:11
[INFO] [2024-10-30 19:38:23: 312]: 最大化窗口 confteat.py -> app line:14
[INFO] [2024-10-30 19:38:23: 385]: 数据库成功还原 sql.py -> execute line:21
[INFO] [2024-10-30 19:39:26: 116]: 打开浏览器 confteat.py -> app line:11
[INFO] [2024-10-30 19:39:26: 902]: 最大化窗口 confteat.py -> app line:14
[INFO] [2024-10-30 19:39:26: 978]: 数据库成功还原 sql.py -> execute line:21
[ERROR] [2024-10-30 19:39:27: 291]: 无法定位到元素,('xpath', '//*[@id="kw"]'),异常为expected string or bytes-like object, got 'tuple' sel.py -> sel_click line:21
[ERROR] [2024-10-30 19:39:27: 714]: 无法定位到元素,('xpath', '//*[@id="kw"]'),异常为expected string or bytes-like object, got 'tuple' sel.py -> sel_click line:21
[INFO] [2024-10-30 19:39:57: 026]: 打开浏览器 confteat.py -> app line:11
[INFO] [2024-10-30 19:39:57: 954]: 最大化窗口 confteat.py -> app line:14
[INFO] [2024-10-30 19:39:58: 026]: 数据库成功还原 sql.py -> execute line:21
[ERROR] [2024-10-30 19:40:13: 185]: 无法定位到元素,('xpath', '//*[@id="kw"]'),异常为expected string or bytes-like object, got 'tuple' sel.py -> sel_send_keys line:37
[ERROR] [2024-10-30 19:40:24: 654]: 无法定位到元素,('xpath', '//*[@id="kw"]'),异常为expected string or bytes-like object, got 'tuple' sel.py -> sel_send_keys line:37
[INFO] [2024-10-30 19:40:49: 501]: 打开浏览器 confteat.py -> app line:11
[INFO] [2024-10-30 19:40:50: 187]: 最大化窗口 confteat.py -> app line:14
[INFO] [2024-10-30 19:40:50: 265]: 数据库成功还原 sql.py -> execute line:21
[ERROR] [2024-10-30 19:40:54: 533]: 无法定位到元素,('xpath', '//*[@id="kw"]'),异常为expected string or bytes-like object, got 'tuple' sel.py -> sel_send_keys line:37
[ERROR] [2024-10-30 19:41:07: 813]: 无法定位到元素,('xpath', '//*[@id="kw"]'),异常为expected string or bytes-like object, got 'tuple' sel.py -> sel_send_keys line:37
[INFO] [2024-10-30 19:41:17: 036]: 打开浏览器 confteat.py -> app line:11
[INFO] [2024-10-30 19:41:17: 979]: 最大化窗口 confteat.py -> app line:14
[INFO] [2024-10-30 19:41:18: 057]: 数据库成功还原 sql.py -> execute line:21
[ERROR] [2024-10-30 19:41:21: 514]: 无法定位到元素,('xpath', '//*[@id="kw"]'),异常为expected string or bytes-like object, got 'tuple' sel.py -> sel_send_keys line:37
[ERROR] [2024-10-30 19:41:42: 867]: 无法定位到元素,('xpath', '//*[@id="kw"]'),异常为expected string or bytes-like object, got 'tuple' sel.py -> sel_send_keys line:37
[INFO] [2024-10-30 19:49:31: 828]: 打开浏览器 confteat.py -> app line:11
[INFO] [2024-10-30 19:49:32: 742]: 最大化窗口 confteat.py -> app line:14
[INFO] [2024-10-30 19:49:32: 833]: 数据库成功还原 sql.py -> execute line:21
[ERROR] [2024-10-30 19:49:36: 273]: 无法定位到元素,('xpath', '//*[@id="kw"]'),异常为expected string or bytes-like object, got 'tuple' sel.py -> sel_send_keys line:37
[ERROR] [2024-10-30 19:50:23: 599]: 无法定位到元素,('xpath', '//*[@id="kw"]'),异常为expected string or bytes-like object, got 'tuple' sel.py -> sel_send_keys line:37
[INFO] [2024-10-30 19:50:33: 822]: 打开浏览器 confteat.py -> app line:11
[INFO] [2024-10-30 19:50:34: 592]: 最大化窗口 confteat.py -> app line:14
[INFO] [2024-10-30 19:50:34: 682]: 数据库成功还原 sql.py -> execute line:21
[ERROR] [2024-10-30 19:50:47: 653]: 无法定位到元素,('xpath', '//*[@id="kw"]'),异常为expected string or bytes-like object, got 'tuple' sel.py -> sel_send_keys line:37
[INFO] [2024-10-30 19:51:27: 232]: 打开浏览器 confteat.py -> app line:11
[INFO] [2024-10-30 19:51:28: 260]: 最大化窗口 confteat.py -> app line:14
[INFO] [2024-10-30 19:51:28: 330]: 数据库成功还原 sql.py -> execute line:21
[INFO] [2024-10-30 19:52:51: 571]: 打开浏览器 confteat.py -> app line:11
[INFO] [2024-10-30 19:52:52: 999]: 最大化窗口 confteat.py -> app line:14
[INFO] [2024-10-30 19:52:53: 084]: 数据库成功还原 sql.py -> execute line:21
[INFO] [2024-10-30 19:53:23: 204]: 打开浏览器 confteat.py -> app line:11
[INFO] [2024-10-30 19:53:24: 317]: 最大化窗口 confteat.py -> app line:14
[INFO] [2024-10-30 19:53:24: 388]: 数据库成功还原 sql.py -> execute line:21
[ERROR] [2024-10-30 19:53:25: 014]: 无法定位到元素,('xpath', '//*[@id="kw"]'),异常为expected string or bytes-like object, got 'tuple' sel.py -> sel_send_keys line:37
[ERROR] [2024-10-30 19:53:25: 707]: 无法定位到元素,('xpath', '//*[@id="kw"]'),异常为expected string or bytes-like object, got 'tuple' sel.py -> sel_send_keys line:37
[INFO] [2024-10-30 19:59:20: 194]: 打开浏览器 confteat.py -> app line:11
[INFO] [2024-10-30 19:59:20: 999]: 最大化窗口 confteat.py -> app line:14
[INFO] [2024-10-30 19:59:21: 064]: 数据库成功还原 sql.py -> execute line:21
[ERROR] [2024-10-30 19:59:21: 664]: 无法定位到元素,('xpath', '//*[@id="kw"]'),异常为expected string or bytes-like object, got 'tuple' sel.py -> sel_send_keys line:37
[ERROR] [2024-10-30 19:59:22: 225]: 无法定位到元素,('xpath', '//*[@id="kw"]'),异常为expected string or bytes-like object, got 'tuple' sel.py -> sel_send_keys line:37
[INFO] [2024-10-30 20:01:11: 912]: 打开浏览器 confteat.py -> app line:11
[INFO] [2024-10-30 20:01:12: 798]: 最大化窗口 confteat.py -> app line:14
[INFO] [2024-10-30 20:01:12: 869]: 数据库成功还原 sql.py -> execute line:21
[ERROR] [2024-10-30 20:01:13: 449]: 无法定位到元素,('xpath', '//*[@id="kw"]'),异常为expected string or bytes-like object, got 'tuple' sel.py -> sel_send_keys line:37
[ERROR] [2024-10-30 20:01:14: 016]: 无法定位到元素,('xpath', '//*[@id="kw"]'),异常为expected string or bytes-like object, got 'tuple' sel.py -> sel_send_keys line:37
[INFO] [2024-10-30 20:01:27: 149]: 打开浏览器 confteat.py -> app line:11
[INFO] [2024-10-30 20:01:28: 501]: 最大化窗口 confteat.py -> app line:14
[INFO] [2024-10-30 20:01:28: 570]: 数据库成功还原 sql.py -> execute line:21
[ERROR] [2024-10-30 20:03:29: 746]: 无法定位到元素,('xpath', '//*[@id="kw"]'),异常为expected string or bytes-like object, got 'tuple' sel.py -> sel_send_keys line:37
[INFO] [2024-10-30 20:07:33: 401]: 打开浏览器 confteat.py -> app line:11
[INFO] [2024-10-30 20:07:34: 864]: 最大化窗口 confteat.py -> app line:14
[INFO] [2024-10-30 20:07:34: 962]: 数据库成功还原 sql.py -> execute line:21
[ERROR] [2024-10-30 20:07:35: 398]: 无法定位到元素,('xpath', '//*[@id="kw"]'),异常为expected string or bytes-like object, got 'tuple' sel.py -> sel_click line:21
[ERROR] [2024-10-30 20:07:35: 833]: 无法定位到元素,('xpath', '//*[@id="kw"]'),异常为expected string or bytes-like object, got 'tuple' sel.py -> sel_click line:21
[INFO] [2024-10-30 20:07:59: 824]: 打开浏览器 confteat.py -> app line:11
[INFO] [2024-10-30 20:08:08: 776]: 打开浏览器 confteat.py -> app line:11
[INFO] [2024-10-30 20:08:09: 736]: 最大化窗口 confteat.py -> app line:14
[INFO] [2024-10-30 20:08:09: 816]: 数据库成功还原 sql.py -> execute line:21
[INFO] [2024-10-30 20:09:13: 962]: 打开浏览器 confteat.py -> app line:11
[INFO] [2024-10-30 20:09:15: 443]: 最大化窗口 confteat.py -> app line:14
[INFO] [2024-10-30 20:09:15: 634]: 数据库成功还原 sql.py -> execute line:21
[INFO] [2024-10-30 20:09:53: 919]: 打开浏览器 confteat.py -> app line:11
[INFO] [2024-10-30 20:09:54: 901]: 最大化窗口 confteat.py -> app line:14
[INFO] [2024-10-30 20:09:54: 984]: 数据库成功还原 sql.py -> execute line:21
[INFO] [2024-10-30 20:10:55: 279]: 打开浏览器 confteat.py -> app line:11
[INFO] [2024-10-30 20:10:58: 561]: 最大化窗口 confteat.py -> app line:14
[INFO] [2024-10-30 20:10:58: 618]: 数据库成功还原 sql.py -> execute line:21
[INFO] [2024-10-30 20:11:50: 410]: 打开浏览器 confteat.py -> app line:11
[INFO] [2024-10-30 20:11:51: 204]: 最大化窗口 confteat.py -> app line:14
[INFO] [2024-10-30 20:11:51: 265]: 数据库成功还原 sql.py -> execute line:21
[ERROR] [2024-10-30 20:11:52: 149]: 无法定位到元素,('xpath', '//*[@id="su"]'),异常为expected string or bytes-like object, got 'tuple' sel.py -> sel_click line:21
[INFO] [2024-10-30 20:12:44: 560]: 打开浏览器 confteat.py -> app line:11
[INFO] [2024-10-30 20:12:45: 363]: 最大化窗口 confteat.py -> app line:14
[INFO] [2024-10-30 20:12:45: 437]: 数据库成功还原 sql.py -> execute line:21
[ERROR] [2024-10-30 20:12:46: 269]: 无法定位到元素,('xpath', '//*[@id="su"]'),异常为expected string or bytes-like object, got 'tuple' sel.py -> sel_click line:21
[INFO] [2024-10-30 20:13:05: 528]: 打开浏览器 confteat.py -> app line:11
[INFO] [2024-10-30 20:13:06: 275]: 最大化窗口 confteat.py -> app line:14
[INFO] [2024-10-30 20:13:06: 340]: 数据库成功还原 sql.py -> execute line:21
[INFO] [2024-10-30 20:13:07: 353]: 测试数据:python testsearch.py -> test_search line:17
[INFO] [2024-10-30 20:15:28: 797]: 打开浏览器 confteat.py -> app line:11
[INFO] [2024-10-30 20:15:30: 047]: 最大化窗口 confteat.py -> app line:14
[INFO] [2024-10-30 20:15:30: 117]: 数据库成功还原 sql.py -> execute line:21
[INFO] [2024-10-30 20:15:30: 979]: 测试数据:python testsearch.py -> test_search line:17
[INFO] [2024-10-30 20:21:03: 267]: 打开浏览器 confteat.py -> app line:11
[INFO] [2024-10-30 20:21:04: 320]: 最大化窗口 confteat.py -> app line:14
[INFO] [2024-10-30 20:21:04: 383]: 数据库成功还原 sql.py -> execute line:21
[INFO] [2024-10-30 20:21:05: 255]: 测试数据:python testsearch.py -> test_search line:17
[INFO] [2024-10-30 20:21:06: 151]: 测试数据:javascript testsearch.py -> test_search line:17
[INFO] [2024-10-30 20:21:19: 397]: 打开浏览器 confteat.py -> app line:11
[INFO] [2024-10-30 20:21:20: 470]: 最大化窗口 confteat.py -> app line:14
[INFO] [2024-10-30 20:21:20: 536]: 数据库成功还原 sql.py -> execute line:21
[INFO] [2024-10-30 20:21:21: 637]: 测试数据:python testsearch.py -> test_search line:17
[INFO] [2024-10-30 20:21:22: 983]: 测试数据:javascript testsearch.py -> test_search line:17
[INFO] [2024-10-30 20:26:01: 041]: 打开浏览器 confteat.py -> app line:11
[INFO] [2024-10-30 20:26:01: 960]: 最大化窗口 confteat.py -> app line:14
[INFO] [2024-10-30 20:26:02: 027]: 数据库成功还原 sql.py -> execute line:21
[INFO] [2024-10-30 20:26:03: 156]: 测试数据:python testsearch.py -> test_search line:17
[INFO] [2024-10-30 20:26:04: 419]: 测试数据:javascript testsearch.py -> test_search line:17
[INFO] [2024-10-30 20:51:39: 300]: 打开浏览器 confteat.py -> app line:11
[INFO] [2024-10-30 20:51:40: 236]: 最大化窗口 confteat.py -> app line:14
[INFO] [2024-10-30 20:51:40: 312]: 数据库成功还原 sql.py -> execute line:21
[INFO] [2024-10-30 20:51:41: 439]: 测试数据:python testsearch.py -> test_search line:17
[INFO] [2024-10-30 20:51:41: 455]: 获取数据 sel.py -> get_text line:56
[INFO] [2024-10-30 20:51:42: 894]: 测试数据:javascript testsearch.py -> test_search line:17
[INFO] [2024-10-30 20:51:42: 922]: 获取数据 sel.py -> get_text line:56
[INFO] [2024-10-30 20:52:16: 153]: 打开浏览器 confteat.py -> app line:11
[INFO] [2024-10-30 20:52:17: 153]: 最大化窗口 confteat.py -> app line:14
[INFO] [2024-10-30 20:52:17: 238]: 数据库成功还原 sql.py -> execute line:21
[INFO] [2024-10-30 20:52:18: 381]: 测试数据:python testsearch.py -> test_search line:17
[INFO] [2024-10-30 20:52:19: 952]: 获取数据 sel.py -> get_text line:56
[INFO] [2024-10-30 20:54:24: 494]: 打开浏览器 confteat.py -> app line:11
[INFO] [2024-10-30 20:54:25: 247]: 最大化窗口 confteat.py -> app line:14
[INFO] [2024-10-30 20:54:25: 322]: 数据库成功还原 sql.py -> execute line:21
[INFO] [2024-10-30 20:54:26: 613]: 测试数据:python testsearch.py -> test_search line:17
[INFO] [2024-10-30 20:54:26: 653]: python sel.py -> get_text line:59
[INFO] [2024-10-30 20:54:27: 720]: 测试数据:javascript testsearch.py -> test_search line:17
[INFO] [2024-10-30 20:54:27: 741]: javascript sel.py -> get_text line:59
[INFO] [2024-10-30 20:54:37: 323]: 打开浏览器 confteat.py -> app line:11
[INFO] [2024-10-30 20:54:38: 331]: 最大化窗口 confteat.py -> app line:14
[INFO] [2024-10-30 20:54:38: 400]: 数据库成功还原 sql.py -> execute line:21
[INFO] [2024-10-30 20:54:39: 552]: 测试数据:python testsearch.py -> test_search line:17
[INFO] [2024-10-30 20:54:39: 570]: python sel.py -> get_text line:59
[INFO] [2024-10-30 20:54:40: 961]: 测试数据:javascript testsearch.py -> test_search line:17
[INFO] [2024-10-30 20:54:40: 993]: javascript sel.py -> get_text line:59
[INFO] [2024-10-30 21:21:26: 368]: 打开浏览器 confteat.py -> app line:11
[INFO] [2024-10-30 21:22:35: 284]: 打开浏览器 confteat.py -> app line:11
[INFO] [2024-10-30 21:45:36: 310]: 打开浏览器 confteat.py -> app line:11
[INFO] [2024-10-30 21:45:37: 187]: 最大化窗口 confteat.py -> app line:14
[INFO] [2024-10-30 21:45:37: 252]: 数据库成功还原 sql.py -> execute line:21
[INFO] [2024-10-30 21:45:38: 369]: 测试数据:python testsearch.py -> test_search line:19
[INFO] [2024-10-30 21:45:38: 409]: python sel.py -> get_text line:59
[INFO] [2024-10-30 21:45:39: 926]: 测试数据:javascript testsearch.py -> test_search line:19
[INFO] [2024-10-30 21:45:39: 959]: javascript sel.py -> get_text line:59
[INFO] [2024-10-30 21:46:16: 353]: 打开浏览器 confteat.py -> app line:11
[INFO] [2024-10-30 21:46:17: 462]: 最大化窗口 confteat.py -> app line:14
[INFO] [2024-10-30 21:46:17: 529]: 数据库成功还原 sql.py -> execute line:21
[INFO] [2024-10-30 21:46:18: 601]: 测试数据:python testsearch.py -> test_search line:19
[INFO] [2024-10-30 21:46:18: 624]: python sel.py -> get_text line:59
[INFO] [2024-10-30 21:46:20: 057]: 测试数据:javascript testsearch.py -> test_search line:19
[INFO] [2024-10-30 21:46:20: 069]: javascript sel.py -> get_text line:59
[INFO] [2024-10-30 21:46:59: 599]: 打开浏览器 confteat.py -> app line:11
[INFO] [2024-10-30 21:47:00: 563]: 最大化窗口 confteat.py -> app line:14
[INFO] [2024-10-30 21:47:00: 625]: 数据库成功还原 sql.py -> execute line:21
[INFO] [2024-10-30 21:47:01: 746]: 测试数据:python testsearch.py -> test_search line:19
[INFO] [2024-10-30 21:47:01: 763]: python sel.py -> get_text line:59
[INFO] [2024-10-30 21:47:03: 244]: 测试数据:javascript testsearch.py -> test_search line:19
[INFO] [2024-10-30 21:47:03: 257]: javascript sel.py -> get_text line:59
[INFO] [2024-10-30 21:48:37: 676]: 打开浏览器 confteat.py -> app line:11
[INFO] [2024-10-30 21:48:38: 583]: 最大化窗口 confteat.py -> app line:14
[INFO] [2024-10-30 21:48:38: 649]: 数据库成功还原 sql.py -> execute line:21
[INFO] [2024-10-30 21:48:39: 759]: 测试数据:python testsearch.py -> test_search line:19
[INFO] [2024-10-30 21:48:39: 795]: python sel.py -> get_text line:59
[INFO] [2024-10-30 21:48:41: 092]: 测试数据:javascript testsearch.py -> test_search line:19
[INFO] [2024-10-30 21:48:41: 105]: javascript sel.py -> get_text line:59
[INFO] [2024-10-30 21:50:53: 308]: 打开浏览器 confteat.py -> app line:11
